2014/06/09 18:19:48 - 8223 - ajx.export.sqlite.php - SQL: ERROR: 1048 - Column 'json' cannot be null - sql: INSERT INTO offline_export (fecha_creacion, json) VALUES (NOW(), NULL)
2014/06/17 17:08:03 - 3249 - ajx.export.sqlite.php - SQL: ERROR: 1048 - Column 'tipo_tabla' cannot be null - sql: INSERT INTO offline_export (fecha_creacion, tipo_tabla, json) VALUES (NOW(), NULL, '[{\"id\":10,\"nombre\":\"ddddddd\",\"id_duenio\":5,\"nacimiento\":\"2014-06-13\",\"obs\":\"dddddddddddddddddddd\",\"offline\":1}]')
2014/06/17 17:11:58 - 16236 - ajx.export.sqlite.php - SQL: ERROR: 1048 - Column 'tipo_tabla' cannot be null - sql: INSERT INTO offline_export (fecha_creacion, tipo_tabla, json) VALUES (NOW(), NULL, '[{\"id\":10,\"nombre\":\"ddddddd\",\"id_duenio\":5,\"nacimiento\":\"2014-06-13\",\"obs\":\"dddddddddddddddddddd\",\"offline\":1}]')
2014/06/17 17:12:25 - 12824 - ajx.export.sqlite.php - SQL: ERROR: 1048 - Column 'tipo_tabla' cannot be null - sql: INSERT INTO offline_export (fecha_creacion, tipo_tabla, json) VALUES (NOW(), NULL, '[{\"id\":10,\"nombre\":\"ddddddd\",\"id_duenio\":5,\"nacimiento\":\"2014-06-13\",\"obs\":\"dddddddddddddddddddd\",\"offline\":1}]')
2014/06/17 17:13:31 - 18047 - ajx.export.sqlite.php - SQL: ERROR: 1048 - Column 'tipo_tabla' cannot be null - sql: INSERT INTO offline_export (fecha_creacion, tipo_tabla, json) VALUES (NOW(), NULL, '[{\"id\":10,\"nombre\":\"ddddddd\",\"id_duenio\":5,\"nacimiento\":\"2014-06-13\",\"obs\":\"dddddddddddddddddddd\",\"offline\":1}]')
2014/06/17 17:14:24 - 16263 - ajx.export.sqlite.php - SQL: ERROR: 1048 - Column 'tipo_tabla' cannot be null - sql: INSERT INTO offline_export (fecha_creacion, tipo_tabla, json) VALUES (NOW(), NULL, '{\"equinos\":[{\"id\":10,\"nombre\":\"ddddddd\",\"id_duenio\":5,\"nacimiento\":\"2014-06-13\",\"obs\":\"dddddddddddddddddddd\",\"offline\":1}],\"tipo_tabla\":\"equinos\"}')
2014/06/17 17:16:03 - 4218 - ajx.export.sqlite.php - SQL: ERROR: 1048 - Column 'tipo_tabla' cannot be null - sql: INSERT INTO offline_export (fecha_creacion, tipo_tabla, json) VALUES (NOW(), NULL, '{\"equinos\":[{\"id\":10,\"nombre\":\"ddddddd\",\"id_duenio\":5,\"nacimiento\":\"2014-06-13\",\"obs\":\"dddddddddddddddddddd\",\"offline\":1}],\"tipo_tabla\":\"equinos\"}')
2014/06/17 17:16:46 - 17729 - ajx.export.sqlite.php - SQL: ERROR: 1048 - Column 'tipo_tabla' cannot be null - sql: INSERT INTO offline_export (fecha_creacion, tipo_tabla, json) VALUES (NOW(), NULL, '{\"json\":[{\"id\":10,\"nombre\":\"ddddddd\",\"id_duenio\":5,\"nacimiento\":\"2014-06-13\",\"obs\":\"dddddddddddddddddddd\",\"offline\":1}],\"tipo_tabla\":\"equinos\"}')
2014/06/17 17:17:59 - 16263 - ajx.export.sqlite.php - SQL: ERROR: 1048 - Column 'tipo_tabla' cannot be null - sql: INSERT INTO offline_export (fecha_creacion, tipo_tabla, json) VALUES (NOW(), NULL, '{\"json\":[{\"id\":10,\"nombre\":\"ddddddd\",\"id_duenio\":5,\"nacimiento\":\"2014-06-13\",\"obs\":\"dddddddddddddddddddd\",\"offline\":1}],\"tipo_tabla\":\"equinos\"}')
2014/06/17 17:18:02 - 12224 - ajx.export.sqlite.php - SQL: ERROR: 1048 - Column 'tipo_tabla' cannot be null - sql: INSERT INTO offline_export (fecha_creacion, tipo_tabla, json) VALUES (NOW(), NULL, '{\"json\":[{\"id\":10,\"nombre\":\"ddddddd\",\"id_duenio\":5,\"nacimiento\":\"2014-06-13\",\"obs\":\"dddddddddddddddddddd\",\"offline\":1}],\"tipo_tabla\":\"equinos\"}')
2014/06/17 17:18:42 - 3236 - ajx.export.sqlite.php - SQL: ERROR: 1048 - Column 'tipo_tabla' cannot be null - sql: INSERT INTO offline_export (fecha_creacion, tipo_tabla, json) VALUES (NOW(), NULL, '{\"json\":[{\"id\":10,\"nombre\":\"ddddddd\",\"id_duenio\":5,\"nacimiento\":\"2014-06-13\",\"obs\":\"dddddddddddddddddddd\",\"offline\":1}],\"tipo_tabla\":\"equinos\"}')
2014/06/17 17:18:50 - 4245 - ajx.export.sqlite.php - SQL: ERROR: 1048 - Column 'tipo_tabla' cannot be null - sql: INSERT INTO offline_export (fecha_creacion, tipo_tabla, json) VALUES (NOW(), NULL, '{\"json\":[{\"id\":10,\"nombre\":\"ddddddd\",\"id_duenio\":5,\"nacimiento\":\"2014-06-13\",\"obs\":\"dddddddddddddddddddd\",\"offline\":1}],\"tipo_tabla\":\"equinos\"}')
2014/06/17 17:19:30 - 12224 - ajx.export.sqlite.php - SQL: ERROR: 1048 - Column 'tipo_tabla' cannot be null - sql: INSERT INTO offline_export (fecha_creacion, tipo_tabla, json) VALUES (NOW(), NULL, '{\"json\":[{\"id\":10,\"nombre\":\"ddddddd\",\"id_duenio\":5,\"nacimiento\":\"2014-06-13\",\"obs\":\"dddddddddddddddddddd\",\"offline\":1}],\"tipo_tabla\":\"equinos\"}')
2014/06/17 17:20:38 - 16263 - ajx.export.sqlite.php - SQL: ERROR: 1048 - Column 'tipo_tabla' cannot be null - sql: INSERT INTO offline_export (fecha_creacion, tipo_tabla, json) VALUES (NOW(), NULL, '{\"json\":[{\"id\":10,\"nombre\":\"ddddddd\",\"id_duenio\":5,\"nacimiento\":\"2014-06-13\",\"obs\":\"dddddddddddddddddddd\",\"offline\":1}],\"tipo_tabla\":\"equinos\"}')
2014/06/17 17:22:13 - 17869 - ajx.export.sqlite.php - SQL: ERROR: 1048 - Column 'tipo_tabla' cannot be null - sql: INSERT INTO offline_export (fecha_creacion, tipo_tabla, json) VALUES (NOW(), NULL, '{\"json\":[{\"id\":10,\"nombre\":\"ddddddd\",\"id_duenio\":5,\"nacimiento\":\"2014-06-13\",\"obs\":\"dddddddddddddddddddd\",\"offline\":1}],\"tipo_tabla\":\"equinos\"}')
2014/06/18 14:28:40 - 10328 - ajx.export.sqlite.php - SQL: ERROR: 1054 - Unknown column 'fecha_creacion' in 'field list' - sql: INSERT INTO equinos (fecha_creacion, id_duenio, nacimiento, obs) VALUES (NOW(), '5', '2014-06-13', 'dddddddddddddddddddd')
2014/06/18 14:28:40 - 10328 - ajx.export.sqlite.php - SQL: ERROR: 1054 - Unknown column 'fecha_creacion' in 'field list' - sql: INSERT INTO equinos (fecha_creacion, id_duenio, nacimiento, obs) VALUES (NOW(), '19', '2014-06-20', '12222222222')
2014/06/18 14:28:40 - 10328 - ajx.export.sqlite.php - SQL: ERROR: 1054 - Unknown column 'fecha_creacion' in 'field list' - sql: INSERT INTO equinos (fecha_creacion, id_duenio, nacimiento, obs) VALUES (NOW(), '17', '2014-06-14', 'wwwwww')
2014/06/18 14:30:31 - 20710 - ajx.export.sqlite.php - SQL: ERROR: 1054 - Unknown column 'fecha_creacion' in 'field list' - sql: INSERT INTO equinos (fecha_creacion, id_duenio, nacimiento, obs) VALUES (NOW(), '5', '2014-06-13', 'dddddddddddddddddddd')
2014/06/18 14:30:31 - 20710 - ajx.export.sqlite.php - SQL: ERROR: 1054 - Unknown column 'fecha_creacion' in 'field list' - sql: INSERT INTO equinos (fecha_creacion, id_duenio, nacimiento, obs) VALUES (NOW(), '19', '2014-06-20', '12222222222')
2014/06/18 14:30:31 - 20710 - ajx.export.sqlite.php - SQL: ERROR: 1054 - Unknown column 'fecha_creacion' in 'field list' - sql: INSERT INTO equinos (fecha_creacion, id_duenio, nacimiento, obs) VALUES (NOW(), '17', '2014-06-14', 'wwwwww')
2014/06/18 14:31:04 - 12552 - ajx.export.sqlite.php - SQL: ERROR: 1054 - Unknown column 'fecha_creacion' in 'field list' - sql: INSERT INTO equinos (fecha_creacion, id_duenio, nacimiento, obs) VALUES (NOW(), '5', '2014-06-13', 'dddddddddddddddddddd')
2014/06/18 14:31:04 - 12552 - ajx.export.sqlite.php - SQL: ERROR: 1054 - Unknown column 'fecha_creacion' in 'field list' - sql: INSERT INTO equinos (fecha_creacion, id_duenio, nacimiento, obs) VALUES (NOW(), '27', '2014-06-20', '12222222222')
2014/06/18 14:31:04 - 12552 - ajx.export.sqlite.php - SQL: ERROR: 1054 - Unknown column 'fecha_creacion' in 'field list' - sql: INSERT INTO equinos (fecha_creacion, id_duenio, nacimiento, obs) VALUES (NOW(), '25', '2014-06-14', 'wwwwww')
2014/06/18 14:32:08 - 20714 - ajx.export.sqlite.php - SQL: ERROR: 1054 - Unknown column 'fecha_creacion' in 'field list' - sql: INSERT INTO equinos (fecha_creacion, id_duenio, nacimiento, obs) VALUES (NOW(), '5', '2014-06-13', 'dddddddddddddddddddd')
2014/06/18 14:32:08 - 20714 - ajx.export.sqlite.php - SQL: ERROR: 1054 - Unknown column 'fecha_creacion' in 'field list' - sql: INSERT INTO equinos (fecha_creacion, id_duenio, nacimiento, obs) VALUES (NOW(), '31', '2014-06-20', '12222222222')
2014/06/18 14:32:08 - 20714 - ajx.export.sqlite.php - SQL: ERROR: 1054 - Unknown column 'fecha_creacion' in 'field list' - sql: INSERT INTO equinos (fecha_creacion, id_duenio, nacimiento, obs) VALUES (NOW(), '29', '2014-06-14', 'wwwwww')
2014/06/18 20:31:58 - 21311 - ajx.export.sqlite.php - SQL: ERROR: 1048 - Column 'json_post' cannot be null - sql: INSERT INTO offline_historico (fecha_creacion, json_post, json_relaciones) VALUES (NOW(), null, '{\"clientes\":[],\"equinos\":null,\"problemas\":[],\"evoluciones\":[],\"estudios\":[]}')
2014/06/18 20:32:58 - 12682 - ajx.export.sqlite.php - SQL: ERROR: 1048 - Column 'json_post' cannot be null - sql: INSERT INTO offline_historico (fecha_creacion, json_post, json_relaciones) VALUES (NOW(), null, '{\"clientes\":[],\"equinos\":null,\"problemas\":[],\"evoluciones\":[],\"estudios\":[]}')
2014/07/14 17:57:00 - 17175 - ajx.export.sqlite.php - SQL: ERROR: 1054 - Unknown column 'fecha' in 'field list' - sql: INSERT INTO equinos (fecha, nombre, idDuenio, nacimiento, observacion, offline) VALUES (NOW(), 'equino-13', '1', '2014-07-16', 'asdasd', '1')
2014/07/14 17:57:00 - 17175 - ajx.export.sqlite.php - SQL: ERROR: 1146 - Table 'brasil_ithealth_com_ar_testAriel.offline_historico' doesn't exist - sql: INSERT INTO offline_historico (fecha_creacion, json_post, json_relaciones) VALUES (NOW(), '{\"clientes\":[],\"equinos\":[\"[{\\\"id\\\":2,\\\"nombre\\\":\\\"equino-13\\\",\\\"id_duenio\\\":1,\\\"nacimiento\\\":\\\"2014-07-16\\\",\\\"obs\\\":\\\"asdasd\\\",\\\"offline\\\":1,\\\"fecha_creacion\\\":\\\"2014-07-14 17:07:07\\\"}]\"],\"problemas\":[],\"evoluciones\":[]}', '{\"clientes\":[],\"equinos\":{\"2\":0},\"problemas\":[],\"evoluciones\":[]}')
2014/07/17 18:36:37 - 11428 - ajx.export.sqlite.php - SQL: ERROR: 1054 - Unknown column 'fecha' in 'field list' - sql: INSERT INTO problemas (fechaSistema, fecha, idEquino, idCodProblema, idEstado, offline) VALUES (NOW(), NULL, '6', '88', '1', '1')
2014/07/17 18:36:37 - 11428 - ajx.export.sqlite.php - SQL: ERROR: 1054 - Unknown column 'fecha' in 'field list' - sql: INSERT INTO problemas (fechaSistema, fecha, idEquino, idCodProblema, idEstado, offline) VALUES (NOW(), NULL, '6', '88', '1', '1')
2014/07/17 18:36:37 - 11428 - ajx.export.sqlite.php - SQL: ERROR: 1054 - Unknown column 'fecha' in 'field list' - sql: INSERT INTO problemas (fechaSistema, fecha, idEquino, idCodProblema, idEstado, offline) VALUES (NOW(), NULL, '6', '88', '1', '1')
2014/07/17 18:36:37 - 11428 - ajx.export.sqlite.php - SQL: ERROR: 1054 - Unknown column 'fecha' in 'field list' - sql: INSERT INTO problemas (fechaSistema, fecha, idEquino, idCodProblema, idEstado, offline) VALUES (NOW(), NULL, '6', '88', '2', '1')
2014/07/17 18:36:37 - 11428 - ajx.export.sqlite.php - SQL: ERROR: 1048 - Column 'idLugar' cannot be null - sql: INSERT INTO evoluciones (idProblema, idLugar, fecha, fechaSistema, observacion, offline) VALUES ('0', NULL, '2014-07-17', NOW(), '', '1')
2014/07/17 18:36:37 - 11428 - ajx.export.sqlite.php - SQL: ERROR: 1048 - Column 'idLugar' cannot be null - sql: INSERT INTO evoluciones (idProblema, idLugar, fecha, fechaSistema, observacion, offline) VALUES ('0', NULL, '2014-07-17', NOW(), '', '1')
2014/07/17 18:36:37 - 11428 - ajx.export.sqlite.php - SQL: ERROR: 1048 - Column 'idLugar' cannot be null - sql: INSERT INTO evoluciones (idProblema, idLugar, fecha, fechaSistema, observacion, offline) VALUES ('0', NULL, '2014-07-17', NOW(), '', '1')
2014/07/17 18:36:38 - 11428 - ajx.export.sqlite.php - SQL: ERROR: 1048 - Column 'idLugar' cannot be null - sql: INSERT INTO evoluciones (idProblema, idLugar, fecha, fechaSistema, observacion, offline) VALUES ('0', NULL, '2014-07-17', NOW(), '', '1')
2014/07/17 18:36:38 - 11428 - ajx.export.sqlite.php - SQL: ERROR: 1048 - Column 'idLugar' cannot be null - sql: INSERT INTO evoluciones (idProblema, idLugar, fecha, fechaSistema, observacion, offline) VALUES ('0', NULL, '2014-07-17', NOW(), '', '1')
2014/07/17 18:36:38 - 11428 - ajx.export.sqlite.php - SQL: ERROR: 1048 - Column 'idLugar' cannot be null - sql: INSERT INTO evoluciones (idProblema, idLugar, fecha, fechaSistema, observacion, offline) VALUES ('0', NULL, '2014-07-17', NOW(), '', '1')
2014/07/17 18:36:38 - 11428 - ajx.export.sqlite.php - SQL: ERROR: 1054 - Unknown column 'idCodMedicacion' in 'field list' - sql: INSERT INTO estudios (idEvolucion, idCodMedicacion, fechaSistema) VALUES ('0', '122', NOW())
2014/07/17 18:36:38 - 11428 - ajx.export.sqlite.php - SQL: ERROR: 1054 - Unknown column 'idCodMedicacion' in 'field list' - sql: INSERT INTO estudios (idEvolucion, idCodMedicacion, fechaSistema) VALUES ('9640', '123', NOW())
2014/07/17 18:36:38 - 11428 - ajx.export.sqlite.php - SQL: ERROR: 1054 - Unknown column 'idCodPractica' in 'field list' - sql: INSERT INTO estudios (idEvolucion, idCodPractica, fechaSistema) VALUES ('0', '27', NOW())
2014/07/17 18:36:38 - 11428 - ajx.export.sqlite.php - SQL: ERROR: 1054 - Unknown column 'idCodPractica' in 'field list' - sql: INSERT INTO estudios (idEvolucion, idCodPractica, fechaSistema) VALUES ('9640', '66', NOW())
2014/07/30 13:02:03 - 18334 - ajx.export.sqlite.php - SQL: ERROR: 1146 - Table 'brasil_ithealth_com_ar_testAriel.clientes' doesn't exist - sql: INSERT INTO clientes (fechaSistema, nombre, idLugar, offline) VALUES (NOW(), 'itoiz', '1', '1')
2014/08/03 11:57:32 - 17429 - ajx.export.sqlite.php - SQL: ERROR: 1146 - Table 'brasil_ithealth_com_ar_testAriel.clientes' doesn't exist - sql: INSERT INTO clientes (fechaSistema, nombre, idLugar, offline) VALUES (NOW(), 'David.casa', '4', '1')
