2014/07/14 01:10:59 - 32214 - ajx.cmb.equinos.php - SQL: ERROR: 1054 - Unknown column 'equinos.id' in 'field list' - sql: SELECT equinos.id AS 'v',equinos.nombre AS 't' 
FROM equinos 
WHERE 1=1  AND equinos.id_duenio = 114 
ORDER BY equinos.nombre ASC
2014/07/14 01:32:19 - 6111 - ajx.cmb.equinos.php - SQL: ERROR: 1054 - Unknown column 'equinos.id' in 'field list' - sql: SELECT equinos.id AS 'v',equinos.nombre AS 't' 
FROM equinos 
WHERE 1=1  AND equinos.id_duenio = 118 
ORDER BY equinos.nombre ASC
2014/07/14 02:28:38 - 28257 - ajx.cmb.equinos.php - SQL: ERROR: 1054 - Unknown column 'equinos.id' in 'field list' - sql: SELECT equinos.id AS 'v',equinos.nombre AS 't' 
FROM equinos 
WHERE 1=1  AND equinos.id_duenio = 1 
ORDER BY equinos.nombre ASC
2014/07/14 17:57:06 - 17215 - ajx.cmb.equinos.php - SQL: ERROR: 1054 - Unknown column 'equinos.id' in 'field list' - sql: SELECT equinos.id AS 'v',equinos.nombre AS 't' 
FROM equinos 
WHERE 1=1  AND equinos.id_duenio = 1 
ORDER BY equinos.nombre ASC
2014/07/14 17:57:11 - 17217 - ajx.cmb.equinos.php - SQL: ERROR: 1054 - Unknown column 'equinos.id' in 'field list' - sql: SELECT equinos.id AS 'v',equinos.nombre AS 't' 
FROM equinos 
WHERE 1=1 
ORDER BY equinos.nombre ASC
2014/07/14 17:57:12 - 17208 - ajx.cmb.equinos.php - SQL: ERROR: 1054 - Unknown column 'equinos.id' in 'field list' - sql: SELECT equinos.id AS 'v',equinos.nombre AS 't' 
FROM equinos 
WHERE 1=1  AND equinos.id_duenio = 1 
ORDER BY equinos.nombre ASC
2014/07/14 18:01:58 - 18253 - ajx.cmb.equinos.php - SQL: ERROR: 1054 - Unknown column 'equinos.id' in 'field list' - sql: SELECT equinos.id AS 'v',equinos.nombre AS 't' 
FROM equinos 
WHERE 1=1  AND equinos.id_duenio = 1 
ORDER BY equinos.nombre ASC
2014/07/14 18:02:31 - 17217 - ajx.cmb.equinos.php - SQL: ERROR: 1054 - Unknown column 'equinos.id' in 'field list' - sql: SELECT equinos.id AS 'v',equinos.nombre AS 't' 
FROM equinos 
WHERE 1=1 
ORDER BY equinos.nombre ASC
2014/07/14 18:02:32 - 29191 - ajx.cmb.equinos.php - SQL: ERROR: 1054 - Unknown column 'equinos.id' in 'field list' - sql: SELECT equinos.id AS 'v',equinos.nombre AS 't' 
FROM equinos 
WHERE 1=1  AND equinos.idDuenio = 1 
ORDER BY equinos.nombre ASC
2014/07/14 18:02:53 - 29191 - ajx.cmb.equinos.php - SQL: ERROR: 1054 - Unknown column 'equinos.id' in 'field list' - sql: SELECT equinos.id AS 'v',equinos.nombre AS 't' 
FROM equinos 
WHERE 1=1 
ORDER BY equinos.nombre ASC
2014/07/14 18:02:55 - 19211 - ajx.cmb.equinos.php - SQL: ERROR: 1054 - Unknown column 'equinos.id' in 'field list' - sql: SELECT equinos.id AS 'v',equinos.nombre AS 't' 
FROM equinos 
WHERE 1=1  AND equinos.idDuenio = 1 
ORDER BY equinos.nombre ASC
